[[***Overall Stats***]]
[Insert] Count: 1000000
[Insert] Successful Operations Count: 1000000
[Insert] Total Latency: 5573026us
[Insert] Average Latency: 5.573026us
[Insert] Minimum Latency: 3us
[Insert] Maximum Latency: 23421us
[Insert] 95th Percentile Latency: 9us
[Insert] 99th Percentile Latency: 12us
[Point Query] Count: 1000000
[Point Query] Successful Operations Count: 1000000
[Point Query] Total Latency: 11283021us
[Point Query] Average Latency: 11.283020999999996us
[Point Query] Minimum Latency: 0us
[Point Query] Maximum Latency: 3625us
[Point Query] 95th Percentile Latency: 29us
[Point Query] 99th Percentile Latency: 35us
[Overall] Total Operations: 2000000
[Overall] Average Latency: 8.4280235us
[Overall] Throughput (using start and end time) (ops/ms): 90.02051319894382
[Overall] Throughput (using aggregate operation times) (ops/ms): 118.65178116790966
[Overall] Total Time Spent (using start and end time): 22217.158389ms
[Overall] Aggregate Operation Time: 16856.047ms
