[[***Overall Stats***]]
[Insert] Count: 1050000
[Insert] Successful Operations Count: 1050000
[Insert] Total Latency: 7056472us
[Insert] Average Latency: 6.720449523809521us
[Insert] Minimum Latency: 3us
[Insert] Maximum Latency: 20756us
[Insert] 95th Percentile Latency: 15us
[Insert] 99th Percentile Latency: 38us
[Range Query] Count: 950000
[Range Query] Successful Operations Count: 950000
[Range Query] Total Latency: 629269412us
[Range Query] Average Latency: 662.3888547368424us
[Range Query] Minimum Latency: 5us
[Range Query] Maximum Latency: 62893us
[Range Query] 95th Percentile Latency: 1437us
[Range Query] 99th Percentile Latency: 1553us
[Overall] Total Operations: 2000000
[Overall] Average Latency: 318.162942us
[Overall] Throughput (using start and end time) (ops/ms): 3.107648595762513
[Overall] Throughput (using aggregate operation times) (ops/ms): 3.1430436043679784
[Overall] Total Time Spent (using start and end time): 643573.408759ms
[Overall] Aggregate Operation Time: 636325.884ms
