[[***Overall Stats***]]
[Update] Count: 50000
[Update] Successful Operations Count: 50000
[Update] Total Latency: 268858us
[Update] Average Latency: 5.37716us
[Update] Minimum Latency: 3us
[Update] Maximum Latency: 300us
[Update] 95th Percentile Latency: 9us
[Update] 99th Percentile Latency: 13us
[Insert] Count: 1000000
[Insert] Successful Operations Count: 1000000
[Insert] Total Latency: 5583444us
[Insert] Average Latency: 5.583443999999998us
[Insert] Minimum Latency: 3us
[Insert] Maximum Latency: 22854us
[Insert] 95th Percentile Latency: 9us
[Insert] 99th Percentile Latency: 12us
[Point Query] Count: 950000
[Point Query] Successful Operations Count: 950000
[Point Query] Total Latency: 4994180us
[Point Query] Average Latency: 5.2570315789473705us
[Point Query] Minimum Latency: 0us
[Point Query] Maximum Latency: 3901us
[Point Query] 95th Percentile Latency: 29us
[Point Query] 99th Percentile Latency: 43us
[Overall] Total Operations: 2000000
[Overall] Average Latency: 5.423241us
[Overall] Throughput (using start and end time) (ops/ms): 122.17619313763915
[Overall] Throughput (using aggregate operation times) (ops/ms): 184.39158429433618
[Overall] Total Time Spent (using start and end time): 16369.801257ms
[Overall] Aggregate Operation Time: 10846.482ms
