[[***Overall Stats***]]
[Point Query] Count: 950000
[Point Query] Successful Operations Count: 950000
[Point Query] Total Latency: 4892377us
[Point Query] Average Latency: 5.149870526315795us
[Point Query] Minimum Latency: 0us
[Point Query] Maximum Latency: 3656us
[Point Query] 95th Percentile Latency: 28us
[Point Query] 99th Percentile Latency: 44us
[Insert] Count: 1000000
[Insert] Successful Operations Count: 1000000
[Insert] Total Latency: 5600473us
[Insert] Average Latency: 5.600472999999999us
[Insert] Minimum Latency: 3us
[Insert] Maximum Latency: 24620us
[Insert] 95th Percentile Latency: 9us
[Insert] 99th Percentile Latency: 11us
[Update] Count: 50000
[Update] Successful Operations Count: 50000
[Update] Total Latency: 264480us
[Update] Average Latency: 5.289599999999998us
[Update] Minimum Latency: 3us
[Update] Maximum Latency: 1072us
[Update] 95th Percentile Latency: 9us
[Update] 99th Percentile Latency: 12us
[Overall] Total Operations: 2000000
[Overall] Average Latency: 5.378665us
[Overall] Throughput (using start and end time) (ops/ms): 123.99087493917135
[Overall] Throughput (using aggregate operation times) (ops/ms): 185.91974030730674
[Overall] Total Time Spent (using start and end time): 16130.219268ms
[Overall] Aggregate Operation Time: 10757.33ms
