/usr/bin/java  -classpath /home/cc/YCSB/conf:/home/cc/YCSB/core/target/core-0.18.0-SNAPSHOT.jar:/home/cc/YCSB/core/target/dependency/HdrHistogram-2.1.12.jar:/home/cc/YCSB/core/target/dependency/bsh-2.0b4.jar:/home/cc/YCSB/core/target/dependency/htrace-core4-4.1.0-incubating.jar:/home/cc/YCSB/core/target/dependency/jackson-core-asl-1.9.4.jar:/home/cc/YCSB/core/target/dependency/jackson-mapper-asl-1.9.4.jar:/home/cc/YCSB/core/target/dependency/jcommander-1.12.jar:/home/cc/YCSB/core/target/dependency/junit-3.8.1.jar:/home/cc/YCSB/core/target/dependency/snakeyaml-1.6.jar:/home/cc/YCSB/core/target/dependency/testng-6.1.1.jar:/home/cc/YCSB/rocksdb/target/rocksdb-binding-0.18.0-SNAPSHOT.jar:/home/cc/YCSB/rocksdb/target/dependency/HdrHistogram-2.1.12.jar:/home/cc/YCSB/rocksdb/target/dependency/core-0.18.0-SNAPSHOT.jar:/home/cc/YCSB/rocksdb/target/dependency/hamcrest-core-1.3.jar:/home/cc/YCSB/rocksdb/target/dependency/htrace-core4-4.1.0-incubating.jar:/home/cc/YCSB/rocksdb/target/dependency/jackson-core-asl-1.9.4.jar:/home/cc/YCSB/rocksdb/target/dependency/jackson-mapper-asl-1.9.4.jar:/home/cc/YCSB/rocksdb/target/dependency/jcip-annotations-1.0.jar:/home/cc/YCSB/rocksdb/target/dependency/junit-4.12.jar:/home/cc/YCSB/rocksdb/target/dependency/rocksdbjni-6.2.2.jar:/home/cc/YCSB/rocksdb/target/dependency/slf4j-api-1.7.25.jar:/home/cc/YCSB/rocksdb/target/dependency/slf4j-simple-1.7.25.jar site.ycsb.Client -load -db site.ycsb.db.rocksdb.RocksDBClient -P /home/cc/ycsb_workloads/1x/workloadd -p rocksdb.dir=/tmp/ycsb-rocksdb-data
[OVERALL], RunTime(ms), 15539
[OVERALL], Throughput(ops/sec), 64354.205547332516
[TOTAL_GCS_G1_Young_Generation], Count, 8
[TOTAL_GC_TIME_G1_Young_Generation], Time(ms), 44
[TOTAL_GC_TIME_%_G1_Young_Generation], Time(%), 0.28315850440826307
[TOTAL_GCS_G1_Old_Generation], Count, 0
[TOTAL_GC_TIME_G1_Old_Generation], Time(ms), 0
[TOTAL_GC_TIME_%_G1_Old_Generation], Time(%), 0.0
[TOTAL_GCs], Count, 8
[TOTAL_GC_TIME], Time(ms), 44
[TOTAL_GC_TIME_%], Time(%), 0.28315850440826307
[CLEANUP], Operations, 1
[CLEANUP], AverageLatency(us), 2411520.0
[CLEANUP], MinLatency(us), 2410496
[CLEANUP], MaxLatency(us), 2412543
[CLEANUP], 50thPercentileLatency(us), 2412543
[CLEANUP], 95thPercentileLatency(us), 2412543
[CLEANUP], 99thPercentileLatency(us), 2412543
[INSERT], Operations, 1000000
[INSERT], AverageLatency(us), 11.452984
[INSERT], MinLatency(us), 5
[INSERT], MaxLatency(us), 35135
[INSERT], 50thPercentileLatency(us), 10
[INSERT], 95thPercentileLatency(us), 20
[INSERT], 99thPercentileLatency(us), 28
[INSERT], Return=OK, 1000000
/usr/bin/java  -classpath /home/cc/YCSB/conf:/home/cc/YCSB/core/target/core-0.18.0-SNAPSHOT.jar:/home/cc/YCSB/core/target/dependency/HdrHistogram-2.1.12.jar:/home/cc/YCSB/core/target/dependency/bsh-2.0b4.jar:/home/cc/YCSB/core/target/dependency/htrace-core4-4.1.0-incubating.jar:/home/cc/YCSB/core/target/dependency/jackson-core-asl-1.9.4.jar:/home/cc/YCSB/core/target/dependency/jackson-mapper-asl-1.9.4.jar:/home/cc/YCSB/core/target/dependency/jcommander-1.12.jar:/home/cc/YCSB/core/target/dependency/junit-3.8.1.jar:/home/cc/YCSB/core/target/dependency/snakeyaml-1.6.jar:/home/cc/YCSB/core/target/dependency/testng-6.1.1.jar:/home/cc/YCSB/rocksdb/target/rocksdb-binding-0.18.0-SNAPSHOT.jar:/home/cc/YCSB/rocksdb/target/dependency/HdrHistogram-2.1.12.jar:/home/cc/YCSB/rocksdb/target/dependency/core-0.18.0-SNAPSHOT.jar:/home/cc/YCSB/rocksdb/target/dependency/hamcrest-core-1.3.jar:/home/cc/YCSB/rocksdb/target/dependency/htrace-core4-4.1.0-incubating.jar:/home/cc/YCSB/rocksdb/target/dependency/jackson-core-asl-1.9.4.jar:/home/cc/YCSB/rocksdb/target/dependency/jackson-mapper-asl-1.9.4.jar:/home/cc/YCSB/rocksdb/target/dependency/jcip-annotations-1.0.jar:/home/cc/YCSB/rocksdb/target/dependency/junit-4.12.jar:/home/cc/YCSB/rocksdb/target/dependency/rocksdbjni-6.2.2.jar:/home/cc/YCSB/rocksdb/target/dependency/slf4j-api-1.7.25.jar:/home/cc/YCSB/rocksdb/target/dependency/slf4j-simple-1.7.25.jar site.ycsb.Client -t -db site.ycsb.db.rocksdb.RocksDBClient -P /home/cc/ycsb_workloads/1x/workloadd -p rocksdb.dir=/tmp/ycsb-rocksdb-data
[OVERALL], RunTime(ms), 12093
[OVERALL], Throughput(ops/sec), 82692.46671628214
[TOTAL_GCS_G1_Young_Generation], Count, 5
[TOTAL_GC_TIME_G1_Young_Generation], Time(ms), 19
[TOTAL_GC_TIME_%_G1_Young_Generation], Time(%), 0.1571156867609361
[TOTAL_GCS_G1_Old_Generation], Count, 0
[TOTAL_GC_TIME_G1_Old_Generation], Time(ms), 0
[TOTAL_GC_TIME_%_G1_Old_Generation], Time(%), 0.0
[TOTAL_GCs], Count, 5
[TOTAL_GC_TIME], Time(ms), 19
[TOTAL_GC_TIME_%], Time(%), 0.1571156867609361
[READ], Operations, 949916
[READ], AverageLatency(us), 7.9962165075648794
[READ], MinLatency(us), 1
[READ], MaxLatency(us), 9583
[READ], 50thPercentileLatency(us), 3
[READ], 95thPercentileLatency(us), 38
[READ], 99thPercentileLatency(us), 59
[READ], Return=OK, 949916
[CLEANUP], Operations, 1
[CLEANUP], AverageLatency(us), 44176.0
[CLEANUP], MinLatency(us), 44160
[CLEANUP], MaxLatency(us), 44191
[CLEANUP], 50thPercentileLatency(us), 44191
[CLEANUP], 95thPercentileLatency(us), 44191
[CLEANUP], 99thPercentileLatency(us), 44191
[INSERT], Operations, 50084
[INSERT], AverageLatency(us), 11.311097356441179
[INSERT], MinLatency(us), 6
[INSERT], MaxLatency(us), 610
[INSERT], 50thPercentileLatency(us), 11
[INSERT], 95thPercentileLatency(us), 17
[INSERT], 99thPercentileLatency(us), 22
[INSERT], Return=OK, 50084
