/usr/bin/java  -classpath /home/cc/YCSB/conf:/home/cc/YCSB/core/target/core-0.18.0-SNAPSHOT.jar:/home/cc/YCSB/core/target/dependency/HdrHistogram-2.1.12.jar:/home/cc/YCSB/core/target/dependency/bsh-2.0b4.jar:/home/cc/YCSB/core/target/dependency/htrace-core4-4.1.0-incubating.jar:/home/cc/YCSB/core/target/dependency/jackson-core-asl-1.9.4.jar:/home/cc/YCSB/core/target/dependency/jackson-mapper-asl-1.9.4.jar:/home/cc/YCSB/core/target/dependency/jcommander-1.12.jar:/home/cc/YCSB/core/target/dependency/junit-3.8.1.jar:/home/cc/YCSB/core/target/dependency/snakeyaml-1.6.jar:/home/cc/YCSB/core/target/dependency/testng-6.1.1.jar:/home/cc/YCSB/rocksdb/target/rocksdb-binding-0.18.0-SNAPSHOT.jar:/home/cc/YCSB/rocksdb/target/dependency/HdrHistogram-2.1.12.jar:/home/cc/YCSB/rocksdb/target/dependency/core-0.18.0-SNAPSHOT.jar:/home/cc/YCSB/rocksdb/target/dependency/hamcrest-core-1.3.jar:/home/cc/YCSB/rocksdb/target/dependency/htrace-core4-4.1.0-incubating.jar:/home/cc/YCSB/rocksdb/target/dependency/jackson-core-asl-1.9.4.jar:/home/cc/YCSB/rocksdb/target/dependency/jackson-mapper-asl-1.9.4.jar:/home/cc/YCSB/rocksdb/target/dependency/jcip-annotations-1.0.jar:/home/cc/YCSB/rocksdb/target/dependency/junit-4.12.jar:/home/cc/YCSB/rocksdb/target/dependency/rocksdbjni-6.2.2.jar:/home/cc/YCSB/rocksdb/target/dependency/slf4j-api-1.7.25.jar:/home/cc/YCSB/rocksdb/target/dependency/slf4j-simple-1.7.25.jar site.ycsb.Client -load -db site.ycsb.db.rocksdb.RocksDBClient -P /home/cc/ycsb_workloads/1x/workloadd -p rocksdb.dir=/tmp/ycsb-rocksdb-data
[OVERALL], RunTime(ms), 14161
[OVERALL], Throughput(ops/sec), 70616.4818868724
[TOTAL_GCS_G1_Young_Generation], Count, 8
[TOTAL_GC_TIME_G1_Young_Generation], Time(ms), 33
[TOTAL_GC_TIME_%_G1_Young_Generation], Time(%), 0.2330343902266789
[TOTAL_GCS_G1_Old_Generation], Count, 0
[TOTAL_GC_TIME_G1_Old_Generation], Time(ms), 0
[TOTAL_GC_TIME_%_G1_Old_Generation], Time(%), 0.0
[TOTAL_GCs], Count, 8
[TOTAL_GC_TIME], Time(ms), 33
[TOTAL_GC_TIME_%], Time(%), 0.2330343902266789
[CLEANUP], Operations, 1
[CLEANUP], AverageLatency(us), 3544064.0
[CLEANUP], MinLatency(us), 3543040
[CLEANUP], MaxLatency(us), 3545087
[CLEANUP], 50thPercentileLatency(us), 3545087
[CLEANUP], 95thPercentileLatency(us), 3545087
[CLEANUP], 99thPercentileLatency(us), 3545087
[INSERT], Operations, 1000000
[INSERT], AverageLatency(us), 9.314407
[INSERT], MinLatency(us), 5
[INSERT], MaxLatency(us), 24175
[INSERT], 50thPercentileLatency(us), 9
[INSERT], 95thPercentileLatency(us), 14
[INSERT], 99thPercentileLatency(us), 20
[INSERT], Return=OK, 1000000
/usr/bin/java  -classpath /home/cc/YCSB/conf:/home/cc/YCSB/core/target/core-0.18.0-SNAPSHOT.jar:/home/cc/YCSB/core/target/dependency/HdrHistogram-2.1.12.jar:/home/cc/YCSB/core/target/dependency/bsh-2.0b4.jar:/home/cc/YCSB/core/target/dependency/htrace-core4-4.1.0-incubating.jar:/home/cc/YCSB/core/target/dependency/jackson-core-asl-1.9.4.jar:/home/cc/YCSB/core/target/dependency/jackson-mapper-asl-1.9.4.jar:/home/cc/YCSB/core/target/dependency/jcommander-1.12.jar:/home/cc/YCSB/core/target/dependency/junit-3.8.1.jar:/home/cc/YCSB/core/target/dependency/snakeyaml-1.6.jar:/home/cc/YCSB/core/target/dependency/testng-6.1.1.jar:/home/cc/YCSB/rocksdb/target/rocksdb-binding-0.18.0-SNAPSHOT.jar:/home/cc/YCSB/rocksdb/target/dependency/HdrHistogram-2.1.12.jar:/home/cc/YCSB/rocksdb/target/dependency/core-0.18.0-SNAPSHOT.jar:/home/cc/YCSB/rocksdb/target/dependency/hamcrest-core-1.3.jar:/home/cc/YCSB/rocksdb/target/dependency/htrace-core4-4.1.0-incubating.jar:/home/cc/YCSB/rocksdb/target/dependency/jackson-core-asl-1.9.4.jar:/home/cc/YCSB/rocksdb/target/dependency/jackson-mapper-asl-1.9.4.jar:/home/cc/YCSB/rocksdb/target/dependency/jcip-annotations-1.0.jar:/home/cc/YCSB/rocksdb/target/dependency/junit-4.12.jar:/home/cc/YCSB/rocksdb/target/dependency/rocksdbjni-6.2.2.jar:/home/cc/YCSB/rocksdb/target/dependency/slf4j-api-1.7.25.jar:/home/cc/YCSB/rocksdb/target/dependency/slf4j-simple-1.7.25.jar site.ycsb.Client -t -db site.ycsb.db.rocksdb.RocksDBClient -P /home/cc/ycsb_workloads/1x/workloadd -p rocksdb.dir=/tmp/ycsb-rocksdb-data
[OVERALL], RunTime(ms), 12761
[OVERALL], Throughput(ops/sec), 78363.76459525115
[TOTAL_GCS_G1_Young_Generation], Count, 5
[TOTAL_GC_TIME_G1_Young_Generation], Time(ms), 24
[TOTAL_GC_TIME_%_G1_Young_Generation], Time(%), 0.1880730350286028
[TOTAL_GCS_G1_Old_Generation], Count, 0
[TOTAL_GC_TIME_G1_Old_Generation], Time(ms), 0
[TOTAL_GC_TIME_%_G1_Old_Generation], Time(%), 0.0
[TOTAL_GCs], Count, 5
[TOTAL_GC_TIME], Time(ms), 24
[TOTAL_GC_TIME_%], Time(%), 0.1880730350286028
[READ], Operations, 949979
[READ], AverageLatency(us), 8.562797703949245
[READ], MinLatency(us), 1
[READ], MaxLatency(us), 8855
[READ], 50thPercentileLatency(us), 3
[READ], 95thPercentileLatency(us), 37
[READ], 99thPercentileLatency(us), 65
[READ], Return=OK, 949979
[CLEANUP], Operations, 1
[CLEANUP], AverageLatency(us), 12612.0
[CLEANUP], MinLatency(us), 12608
[CLEANUP], MaxLatency(us), 12615
[CLEANUP], 50thPercentileLatency(us), 12615
[CLEANUP], 95thPercentileLatency(us), 12615
[CLEANUP], 99thPercentileLatency(us), 12615
[INSERT], Operations, 50021
[INSERT], AverageLatency(us), 13.030647128206153
[INSERT], MinLatency(us), 6
[INSERT], MaxLatency(us), 4839
[INSERT], 50thPercentileLatency(us), 12
[INSERT], 95thPercentileLatency(us), 21
[INSERT], 99thPercentileLatency(us), 29
[INSERT], Return=OK, 50021
