/usr/bin/java  -classpath /home/cc/YCSB/conf:/home/cc/YCSB/core/target/core-0.18.0-SNAPSHOT.jar:/home/cc/YCSB/core/target/dependency/HdrHistogram-2.1.12.jar:/home/cc/YCSB/core/target/dependency/bsh-2.0b4.jar:/home/cc/YCSB/core/target/dependency/htrace-core4-4.1.0-incubating.jar:/home/cc/YCSB/core/target/dependency/jackson-core-asl-1.9.4.jar:/home/cc/YCSB/core/target/dependency/jackson-mapper-asl-1.9.4.jar:/home/cc/YCSB/core/target/dependency/jcommander-1.12.jar:/home/cc/YCSB/core/target/dependency/junit-3.8.1.jar:/home/cc/YCSB/core/target/dependency/snakeyaml-1.6.jar:/home/cc/YCSB/core/target/dependency/testng-6.1.1.jar:/home/cc/YCSB/rocksdb/target/rocksdb-binding-0.18.0-SNAPSHOT.jar:/home/cc/YCSB/rocksdb/target/dependency/HdrHistogram-2.1.12.jar:/home/cc/YCSB/rocksdb/target/dependency/core-0.18.0-SNAPSHOT.jar:/home/cc/YCSB/rocksdb/target/dependency/hamcrest-core-1.3.jar:/home/cc/YCSB/rocksdb/target/dependency/htrace-core4-4.1.0-incubating.jar:/home/cc/YCSB/rocksdb/target/dependency/jackson-core-asl-1.9.4.jar:/home/cc/YCSB/rocksdb/target/dependency/jackson-mapper-asl-1.9.4.jar:/home/cc/YCSB/rocksdb/target/dependency/jcip-annotations-1.0.jar:/home/cc/YCSB/rocksdb/target/dependency/junit-4.12.jar:/home/cc/YCSB/rocksdb/target/dependency/rocksdbjni-6.2.2.jar:/home/cc/YCSB/rocksdb/target/dependency/slf4j-api-1.7.25.jar:/home/cc/YCSB/rocksdb/target/dependency/slf4j-simple-1.7.25.jar site.ycsb.Client -load -db site.ycsb.db.rocksdb.RocksDBClient -P /home/cc/ycsb_workloads/1x/workloadb -p rocksdb.dir=/tmp/ycsb-rocksdb-data
[OVERALL], RunTime(ms), 12407
[OVERALL], Throughput(ops/sec), 80599.66148142178
[TOTAL_GCS_G1_Young_Generation], Count, 8
[TOTAL_GC_TIME_G1_Young_Generation], Time(ms), 32
[TOTAL_GC_TIME_%_G1_Young_Generation], Time(%), 0.2579189167405497
[TOTAL_GCS_G1_Old_Generation], Count, 0
[TOTAL_GC_TIME_G1_Old_Generation], Time(ms), 0
[TOTAL_GC_TIME_%_G1_Old_Generation], Time(%), 0.0
[TOTAL_GCs], Count, 8
[TOTAL_GC_TIME], Time(ms), 32
[TOTAL_GC_TIME_%], Time(%), 0.2579189167405497
[CLEANUP], Operations, 1
[CLEANUP], AverageLatency(us), 929536.0
[CLEANUP], MinLatency(us), 929280
[CLEANUP], MaxLatency(us), 929791
[CLEANUP], 50thPercentileLatency(us), 929791
[CLEANUP], 95thPercentileLatency(us), 929791
[CLEANUP], 99thPercentileLatency(us), 929791
[INSERT], Operations, 1000000
[INSERT], AverageLatency(us), 10.094516
[INSERT], MinLatency(us), 5
[INSERT], MaxLatency(us), 58431
[INSERT], 50thPercentileLatency(us), 8
[INSERT], 95thPercentileLatency(us), 14
[INSERT], 99thPercentileLatency(us), 32
[INSERT], Return=OK, 1000000
/usr/bin/java  -classpath /home/cc/YCSB/conf:/home/cc/YCSB/core/target/core-0.18.0-SNAPSHOT.jar:/home/cc/YCSB/core/target/dependency/HdrHistogram-2.1.12.jar:/home/cc/YCSB/core/target/dependency/bsh-2.0b4.jar:/home/cc/YCSB/core/target/dependency/htrace-core4-4.1.0-incubating.jar:/home/cc/YCSB/core/target/dependency/jackson-core-asl-1.9.4.jar:/home/cc/YCSB/core/target/dependency/jackson-mapper-asl-1.9.4.jar:/home/cc/YCSB/core/target/dependency/jcommander-1.12.jar:/home/cc/YCSB/core/target/dependency/junit-3.8.1.jar:/home/cc/YCSB/core/target/dependency/snakeyaml-1.6.jar:/home/cc/YCSB/core/target/dependency/testng-6.1.1.jar:/home/cc/YCSB/rocksdb/target/rocksdb-binding-0.18.0-SNAPSHOT.jar:/home/cc/YCSB/rocksdb/target/dependency/HdrHistogram-2.1.12.jar:/home/cc/YCSB/rocksdb/target/dependency/core-0.18.0-SNAPSHOT.jar:/home/cc/YCSB/rocksdb/target/dependency/hamcrest-core-1.3.jar:/home/cc/YCSB/rocksdb/target/dependency/htrace-core4-4.1.0-incubating.jar:/home/cc/YCSB/rocksdb/target/dependency/jackson-core-asl-1.9.4.jar:/home/cc/YCSB/rocksdb/target/dependency/jackson-mapper-asl-1.9.4.jar:/home/cc/YCSB/rocksdb/target/dependency/jcip-annotations-1.0.jar:/home/cc/YCSB/rocksdb/target/dependency/junit-4.12.jar:/home/cc/YCSB/rocksdb/target/dependency/rocksdbjni-6.2.2.jar:/home/cc/YCSB/rocksdb/target/dependency/slf4j-api-1.7.25.jar:/home/cc/YCSB/rocksdb/target/dependency/slf4j-simple-1.7.25.jar site.ycsb.Client -t -db site.ycsb.db.rocksdb.RocksDBClient -P /home/cc/ycsb_workloads/1x/workloadb -p rocksdb.dir=/tmp/ycsb-rocksdb-data
[OVERALL], RunTime(ms), 21102
[OVERALL], Throughput(ops/sec), 47388.87309259786
[TOTAL_GCS_G1_Young_Generation], Count, 5
[TOTAL_GC_TIME_G1_Young_Generation], Time(ms), 28
[TOTAL_GC_TIME_%_G1_Young_Generation], Time(%), 0.132688844659274
[TOTAL_GCS_G1_Old_Generation], Count, 0
[TOTAL_GC_TIME_G1_Old_Generation], Time(ms), 0
[TOTAL_GC_TIME_%_G1_Old_Generation], Time(%), 0.0
[TOTAL_GCs], Count, 5
[TOTAL_GC_TIME], Time(ms), 28
[TOTAL_GC_TIME_%], Time(%), 0.132688844659274
[READ], Operations, 950173
[READ], AverageLatency(us), 14.583864201571714
[READ], MinLatency(us), 1
[READ], MaxLatency(us), 13039
[READ], 50thPercentileLatency(us), 12
[READ], 95thPercentileLatency(us), 60
[READ], 99thPercentileLatency(us), 82
[READ], Return=OK, 950173
[CLEANUP], Operations, 1
[CLEANUP], AverageLatency(us), 138432.0
[CLEANUP], MinLatency(us), 138368
[CLEANUP], MaxLatency(us), 138495
[CLEANUP], 50thPercentileLatency(us), 138495
[CLEANUP], 95thPercentileLatency(us), 138495
[CLEANUP], 99thPercentileLatency(us), 138495
[UPDATE], Operations, 49827
[UPDATE], AverageLatency(us), 28.01302506673089
[UPDATE], MinLatency(us), 7
[UPDATE], MaxLatency(us), 1255
[UPDATE], 50thPercentileLatency(us), 23
[UPDATE], 95thPercentileLatency(us), 76
[UPDATE], 99thPercentileLatency(us), 102
[UPDATE], Return=OK, 49827
