/usr/bin/java  -classpath /home/cc/YCSB/conf:/home/cc/YCSB/core/target/core-0.18.0-SNAPSHOT.jar:/home/cc/YCSB/core/target/dependency/HdrHistogram-2.1.12.jar:/home/cc/YCSB/core/target/dependency/bsh-2.0b4.jar:/home/cc/YCSB/core/target/dependency/htrace-core4-4.1.0-incubating.jar:/home/cc/YCSB/core/target/dependency/jackson-core-asl-1.9.4.jar:/home/cc/YCSB/core/target/dependency/jackson-mapper-asl-1.9.4.jar:/home/cc/YCSB/core/target/dependency/jcommander-1.12.jar:/home/cc/YCSB/core/target/dependency/junit-3.8.1.jar:/home/cc/YCSB/core/target/dependency/snakeyaml-1.6.jar:/home/cc/YCSB/core/target/dependency/testng-6.1.1.jar:/home/cc/YCSB/rocksdb/target/rocksdb-binding-0.18.0-SNAPSHOT.jar:/home/cc/YCSB/rocksdb/target/dependency/HdrHistogram-2.1.12.jar:/home/cc/YCSB/rocksdb/target/dependency/core-0.18.0-SNAPSHOT.jar:/home/cc/YCSB/rocksdb/target/dependency/hamcrest-core-1.3.jar:/home/cc/YCSB/rocksdb/target/dependency/htrace-core4-4.1.0-incubating.jar:/home/cc/YCSB/rocksdb/target/dependency/jackson-core-asl-1.9.4.jar:/home/cc/YCSB/rocksdb/target/dependency/jackson-mapper-asl-1.9.4.jar:/home/cc/YCSB/rocksdb/target/dependency/jcip-annotations-1.0.jar:/home/cc/YCSB/rocksdb/target/dependency/junit-4.12.jar:/home/cc/YCSB/rocksdb/target/dependency/rocksdbjni-6.2.2.jar:/home/cc/YCSB/rocksdb/target/dependency/slf4j-api-1.7.25.jar:/home/cc/YCSB/rocksdb/target/dependency/slf4j-simple-1.7.25.jar site.ycsb.Client -load -db site.ycsb.db.rocksdb.RocksDBClient -P /home/cc/ycsb_workloads/1x/workloadc -p rocksdb.dir=/tmp/ycsb-rocksdb-data
[OVERALL], RunTime(ms), 12552
[OVERALL], Throughput(ops/sec), 79668.57871255577
[TOTAL_GCS_G1_Young_Generation], Count, 8
[TOTAL_GC_TIME_G1_Young_Generation], Time(ms), 33
[TOTAL_GC_TIME_%_G1_Young_Generation], Time(%), 0.26290630975143403
[TOTAL_GCS_G1_Old_Generation], Count, 0
[TOTAL_GC_TIME_G1_Old_Generation], Time(ms), 0
[TOTAL_GC_TIME_%_G1_Old_Generation], Time(%), 0.0
[TOTAL_GCs], Count, 8
[TOTAL_GC_TIME], Time(ms), 33
[TOTAL_GC_TIME_%], Time(%), 0.26290630975143403
[CLEANUP], Operations, 1
[CLEANUP], AverageLatency(us), 1064448.0
[CLEANUP], MinLatency(us), 1063936
[CLEANUP], MaxLatency(us), 1064959
[CLEANUP], 50thPercentileLatency(us), 1064959
[CLEANUP], 95thPercentileLatency(us), 1064959
[CLEANUP], 99thPercentileLatency(us), 1064959
[INSERT], Operations, 1000000
[INSERT], AverageLatency(us), 10.167071
[INSERT], MinLatency(us), 5
[INSERT], MaxLatency(us), 26527
[INSERT], 50thPercentileLatency(us), 9
[INSERT], 95thPercentileLatency(us), 14
[INSERT], 99thPercentileLatency(us), 28
[INSERT], Return=OK, 1000000
/usr/bin/java  -classpath /home/cc/YCSB/conf:/home/cc/YCSB/core/target/core-0.18.0-SNAPSHOT.jar:/home/cc/YCSB/core/target/dependency/HdrHistogram-2.1.12.jar:/home/cc/YCSB/core/target/dependency/bsh-2.0b4.jar:/home/cc/YCSB/core/target/dependency/htrace-core4-4.1.0-incubating.jar:/home/cc/YCSB/core/target/dependency/jackson-core-asl-1.9.4.jar:/home/cc/YCSB/core/target/dependency/jackson-mapper-asl-1.9.4.jar:/home/cc/YCSB/core/target/dependency/jcommander-1.12.jar:/home/cc/YCSB/core/target/dependency/junit-3.8.1.jar:/home/cc/YCSB/core/target/dependency/snakeyaml-1.6.jar:/home/cc/YCSB/core/target/dependency/testng-6.1.1.jar:/home/cc/YCSB/rocksdb/target/rocksdb-binding-0.18.0-SNAPSHOT.jar:/home/cc/YCSB/rocksdb/target/dependency/HdrHistogram-2.1.12.jar:/home/cc/YCSB/rocksdb/target/dependency/core-0.18.0-SNAPSHOT.jar:/home/cc/YCSB/rocksdb/target/dependency/hamcrest-core-1.3.jar:/home/cc/YCSB/rocksdb/target/dependency/htrace-core4-4.1.0-incubating.jar:/home/cc/YCSB/rocksdb/target/dependency/jackson-core-asl-1.9.4.jar:/home/cc/YCSB/rocksdb/target/dependency/jackson-mapper-asl-1.9.4.jar:/home/cc/YCSB/rocksdb/target/dependency/jcip-annotations-1.0.jar:/home/cc/YCSB/rocksdb/target/dependency/junit-4.12.jar:/home/cc/YCSB/rocksdb/target/dependency/rocksdbjni-6.2.2.jar:/home/cc/YCSB/rocksdb/target/dependency/slf4j-api-1.7.25.jar:/home/cc/YCSB/rocksdb/target/dependency/slf4j-simple-1.7.25.jar site.ycsb.Client -t -db site.ycsb.db.rocksdb.RocksDBClient -P /home/cc/ycsb_workloads/1x/workloadc -p rocksdb.dir=/tmp/ycsb-rocksdb-data
[OVERALL], RunTime(ms), 19144
[OVERALL], Throughput(ops/sec), 52235.68742164647
[TOTAL_GCS_G1_Young_Generation], Count, 4
[TOTAL_GC_TIME_G1_Young_Generation], Time(ms), 21
[TOTAL_GC_TIME_%_G1_Young_Generation], Time(%), 0.10969494358545757
[TOTAL_GCS_G1_Old_Generation], Count, 0
[TOTAL_GC_TIME_G1_Old_Generation], Time(ms), 0
[TOTAL_GC_TIME_%_G1_Old_Generation], Time(%), 0.0
[TOTAL_GCs], Count, 4
[TOTAL_GC_TIME], Time(ms), 21
[TOTAL_GC_TIME_%], Time(%), 0.10969494358545757
[READ], Operations, 1000000
[READ], AverageLatency(us), 13.418004
[READ], MinLatency(us), 2
[READ], MaxLatency(us), 13143
[READ], 50thPercentileLatency(us), 9
[READ], 95thPercentileLatency(us), 55
[READ], 99thPercentileLatency(us), 71
[READ], Return=OK, 1000000
[CLEANUP], Operations, 1
[CLEANUP], AverageLatency(us), 22248.0
[CLEANUP], MinLatency(us), 22240
[CLEANUP], MaxLatency(us), 22255
[CLEANUP], 50thPercentileLatency(us), 22255
[CLEANUP], 95thPercentileLatency(us), 22255
[CLEANUP], 99thPercentileLatency(us), 22255
