/usr/bin/java  -classpath /home/cc/YCSB/conf:/home/cc/YCSB/core/target/core-0.18.0-SNAPSHOT.jar:/home/cc/YCSB/core/target/dependency/HdrHistogram-2.1.12.jar:/home/cc/YCSB/core/target/dependency/bsh-2.0b4.jar:/home/cc/YCSB/core/target/dependency/htrace-core4-4.1.0-incubating.jar:/home/cc/YCSB/core/target/dependency/jackson-core-asl-1.9.4.jar:/home/cc/YCSB/core/target/dependency/jackson-mapper-asl-1.9.4.jar:/home/cc/YCSB/core/target/dependency/jcommander-1.12.jar:/home/cc/YCSB/core/target/dependency/junit-3.8.1.jar:/home/cc/YCSB/core/target/dependency/snakeyaml-1.6.jar:/home/cc/YCSB/core/target/dependency/testng-6.1.1.jar:/home/cc/YCSB/rocksdb/target/rocksdb-binding-0.18.0-SNAPSHOT.jar:/home/cc/YCSB/rocksdb/target/dependency/HdrHistogram-2.1.12.jar:/home/cc/YCSB/rocksdb/target/dependency/core-0.18.0-SNAPSHOT.jar:/home/cc/YCSB/rocksdb/target/dependency/hamcrest-core-1.3.jar:/home/cc/YCSB/rocksdb/target/dependency/htrace-core4-4.1.0-incubating.jar:/home/cc/YCSB/rocksdb/target/dependency/jackson-core-asl-1.9.4.jar:/home/cc/YCSB/rocksdb/target/dependency/jackson-mapper-asl-1.9.4.jar:/home/cc/YCSB/rocksdb/target/dependency/jcip-annotations-1.0.jar:/home/cc/YCSB/rocksdb/target/dependency/junit-4.12.jar:/home/cc/YCSB/rocksdb/target/dependency/rocksdbjni-6.2.2.jar:/home/cc/YCSB/rocksdb/target/dependency/slf4j-api-1.7.25.jar:/home/cc/YCSB/rocksdb/target/dependency/slf4j-simple-1.7.25.jar site.ycsb.Client -load -db site.ycsb.db.rocksdb.RocksDBClient -P /home/cc/ycsb_workloads/1x/workloadd -p rocksdb.dir=/tmp/ycsb-rocksdb-data
[OVERALL], RunTime(ms), 13165
[OVERALL], Throughput(ops/sec), 75958.9821496392
[TOTAL_GCS_G1_Young_Generation], Count, 8
[TOTAL_GC_TIME_G1_Young_Generation], Time(ms), 34
[TOTAL_GC_TIME_%_G1_Young_Generation], Time(%), 0.25826053930877324
[TOTAL_GCS_G1_Old_Generation], Count, 0
[TOTAL_GC_TIME_G1_Old_Generation], Time(ms), 0
[TOTAL_GC_TIME_%_G1_Old_Generation], Time(%), 0.0
[TOTAL_GCs], Count, 8
[TOTAL_GC_TIME], Time(ms), 34
[TOTAL_GC_TIME_%], Time(%), 0.25826053930877324
[CLEANUP], Operations, 1
[CLEANUP], AverageLatency(us), 1802752.0
[CLEANUP], MinLatency(us), 1802240
[CLEANUP], MaxLatency(us), 1803263
[CLEANUP], 50thPercentileLatency(us), 1803263
[CLEANUP], 95thPercentileLatency(us), 1803263
[CLEANUP], 99thPercentileLatency(us), 1803263
[INSERT], Operations, 1000000
[INSERT], AverageLatency(us), 9.8867
[INSERT], MinLatency(us), 5
[INSERT], MaxLatency(us), 32623
[INSERT], 50thPercentileLatency(us), 9
[INSERT], 95thPercentileLatency(us), 16
[INSERT], 99thPercentileLatency(us), 23
[INSERT], Return=OK, 1000000
/usr/bin/java  -classpath /home/cc/YCSB/conf:/home/cc/YCSB/core/target/core-0.18.0-SNAPSHOT.jar:/home/cc/YCSB/core/target/dependency/HdrHistogram-2.1.12.jar:/home/cc/YCSB/core/target/dependency/bsh-2.0b4.jar:/home/cc/YCSB/core/target/dependency/htrace-core4-4.1.0-incubating.jar:/home/cc/YCSB/core/target/dependency/jackson-core-asl-1.9.4.jar:/home/cc/YCSB/core/target/dependency/jackson-mapper-asl-1.9.4.jar:/home/cc/YCSB/core/target/dependency/jcommander-1.12.jar:/home/cc/YCSB/core/target/dependency/junit-3.8.1.jar:/home/cc/YCSB/core/target/dependency/snakeyaml-1.6.jar:/home/cc/YCSB/core/target/dependency/testng-6.1.1.jar:/home/cc/YCSB/rocksdb/target/rocksdb-binding-0.18.0-SNAPSHOT.jar:/home/cc/YCSB/rocksdb/target/dependency/HdrHistogram-2.1.12.jar:/home/cc/YCSB/rocksdb/target/dependency/core-0.18.0-SNAPSHOT.jar:/home/cc/YCSB/rocksdb/target/dependency/hamcrest-core-1.3.jar:/home/cc/YCSB/rocksdb/target/dependency/htrace-core4-4.1.0-incubating.jar:/home/cc/YCSB/rocksdb/target/dependency/jackson-core-asl-1.9.4.jar:/home/cc/YCSB/rocksdb/target/dependency/jackson-mapper-asl-1.9.4.jar:/home/cc/YCSB/rocksdb/target/dependency/jcip-annotations-1.0.jar:/home/cc/YCSB/rocksdb/target/dependency/junit-4.12.jar:/home/cc/YCSB/rocksdb/target/dependency/rocksdbjni-6.2.2.jar:/home/cc/YCSB/rocksdb/target/dependency/slf4j-api-1.7.25.jar:/home/cc/YCSB/rocksdb/target/dependency/slf4j-simple-1.7.25.jar site.ycsb.Client -t -db site.ycsb.db.rocksdb.RocksDBClient -P /home/cc/ycsb_workloads/1x/workloadd -p rocksdb.dir=/tmp/ycsb-rocksdb-data
[OVERALL], RunTime(ms), 12695
[OVERALL], Throughput(ops/sec), 78771.16975187081
[TOTAL_GCS_G1_Young_Generation], Count, 5
[TOTAL_GC_TIME_G1_Young_Generation], Time(ms), 24
[TOTAL_GC_TIME_%_G1_Young_Generation], Time(%), 0.18905080740448996
[TOTAL_GCS_G1_Old_Generation], Count, 0
[TOTAL_GC_TIME_G1_Old_Generation], Time(ms), 0
[TOTAL_GC_TIME_%_G1_Old_Generation], Time(%), 0.0
[TOTAL_GCs], Count, 5
[TOTAL_GC_TIME], Time(ms), 24
[TOTAL_GC_TIME_%], Time(%), 0.18905080740448996
[READ], Operations, 949993
[READ], AverageLatency(us), 8.205733094875436
[READ], MinLatency(us), 1
[READ], MaxLatency(us), 12271
[READ], 50thPercentileLatency(us), 3
[READ], 95thPercentileLatency(us), 37
[READ], 99thPercentileLatency(us), 67
[READ], Return=OK, 949993
[CLEANUP], Operations, 1
[CLEANUP], AverageLatency(us), 191424.0
[CLEANUP], MinLatency(us), 191360
[CLEANUP], MaxLatency(us), 191487
[CLEANUP], 50thPercentileLatency(us), 191487
[CLEANUP], 95thPercentileLatency(us), 191487
[CLEANUP], 99thPercentileLatency(us), 191487
[INSERT], Operations, 50007
[INSERT], AverageLatency(us), 13.901293818865359
[INSERT], MinLatency(us), 6
[INSERT], MaxLatency(us), 557
[INSERT], 50thPercentileLatency(us), 12
[INSERT], 95thPercentileLatency(us), 24
[INSERT], 99thPercentileLatency(us), 32
[INSERT], Return=OK, 50007
